{
  "src/component.tsx": {
    "statementMap": {
      "0": {
        "start": { "line": 2, "column": 2 },
        "end": { "line": 2, "column": 42 }
      }
    },
    "s": { "0": 1 }
  },
  "src/empty.ts": {
    "statementMap": {
      "0": {
        "start": { "line": 1, "column": 0 },
        "end": { "line": 1, "column": 23 }
      }
    },
    "s": { "0": 1 }
  },
  "src/orders.ts": {
    "statementMap": {
      "0": {
        "start": { "line": 3, "column": 4 },
        "end": { "line": 3, "column": 19 }
      },
      "1": {
        "start": { "line": 5, "column": 2 },
        "end": { "line": 5, "column": 17 }
      }
    },
    "s": { "0": 1, "1": 0 }
  },
  "generated/outside.ts": {
    "statementMap": {
      "0": {
        "start": { "line": 1, "column": 0 },
        "end": { "line": 1, "column": 1 }
      }
    },
    "s": { "0": 1 }
  }
}
